{"body":"{\"email\":\"testuser@example.com\",\"password\":\"SecurePass123\\!\",\"first_name\":\"Test\",\"last_name\":\"User\"}","expose":true,"level":"error","message":"Unhandled error: Bad escaped character in JSON at position 58 (line 1 column 59)","stack":"SyntaxError: Bad escaped character in JSON at position 58 (line 1 column 59)\n    at JSON.parse (<anonymous>)\n    at parse (/Users/thomasdowuona-hyde/AI-Masterclass/backend/node_modules/body-parser/lib/types/json.js:92:19)\n    at /Users/thomasdowuona-hyde/AI-Masterclass/backend/node_modules/body-parser/lib/read.js:128:18\n    at AsyncResource.runInAsyncScope (node:async_hooks:211:14)\n    at invokeCallback (/Users/thomasdowuona-hyde/AI-Masterclass/backend/node_modules/raw-body/index.js:238:16)\n    at done (/Users/thomasdowuona-hyde/AI-Masterclass/backend/node_modules/raw-body/index.js:227:7)\n    at IncomingMessage.onEnd (/Users/thomasdowuona-hyde/AI-Masterclass/backend/node_modules/raw-body/index.js:287:7)\n    at IncomingMessage.emit (node:events:513:28)\n    at endReadableNT (node:internal/streams/readable:1696:12)\n    at process.processTicksAndRejections (node:internal/process/task_queues:90:21)","status":400,"statusCode":400,"timestamp":"2025-07-07 12:18:25:1825","type":"entity.parse.failed"}
{"error":"this.pool.connect is not a function","level":"error","message":"Database health check failed","responseTime":1,"timestamp":"2025-07-07 12:33:05:335"}
{"error":"column \"tablename\" does not exist","level":"error","message":"Failed to get table statistics","timestamp":"2025-07-07 12:33:59:3359"}
{"error":"column \"tablename\" does not exist","level":"error","message":"Failed to get table statistics","timestamp":"2025-07-07 13:35:05:355"}
{"error":"column \"tablename\" does not exist","level":"error","message":"Failed to get table statistics","timestamp":"2025-07-07 13:39:59:3959"}
{"error":"column \"tablename\" does not exist","level":"error","message":"Failed to get table statistics","timestamp":"2025-07-07 13:44:57:4457"}
{"error":"column \"tablename\" does not exist","level":"error","message":"Failed to get table statistics","timestamp":"2025-07-07 13:49:57:4957"}
{"error":"column \"tablename\" does not exist","level":"error","message":"Failed to get table statistics","timestamp":"2025-07-07 13:54:57:5457"}
{"error":"column \"tablename\" does not exist","level":"error","message":"Failed to generate maintenance recommendations","timestamp":"2025-07-07 13:54:57:5457"}
{"error":"column \"tablename\" does not exist","level":"error","message":"Failed to get table statistics","timestamp":"2025-07-07 13:59:57:5957"}
{"error":"column \"tablename\" does not exist","level":"error","message":"Failed to get table statistics","timestamp":"2025-07-07 14:04:57:457"}
{"error":"column \"tablename\" does not exist","level":"error","message":"Failed to get table statistics","timestamp":"2025-07-07 14:10:02:102"}
{"error":"column \"tablename\" does not exist","level":"error","message":"Failed to get table statistics","timestamp":"2025-07-07 14:14:58:1458"}
{"error":"column \"tablename\" does not exist","level":"error","message":"Failed to get table statistics","timestamp":"2025-07-07 14:19:57:1957"}
{"error":"column \"tablename\" does not exist","level":"error","message":"Failed to get table statistics","timestamp":"2025-07-07 14:24:57:2457"}
{"error":"column \"tablename\" does not exist","level":"error","message":"Failed to get table statistics","timestamp":"2025-07-07 14:29:57:2957"}
{"error":"column \"tablename\" does not exist","level":"error","message":"Failed to get table statistics","timestamp":"2025-07-07 14:34:57:3457"}
{"error":"column \"tablename\" does not exist","level":"error","message":"Failed to get table statistics","timestamp":"2025-07-07 14:39:58:3958"}
{"error":"column \"tablename\" does not exist","level":"error","message":"Failed to get table statistics","timestamp":"2025-07-07 16:04:21:421"}
{"error":"column \"tablename\" does not exist","level":"error","message":"Failed to get table statistics","timestamp":"2025-07-07 16:36:16:3616"}
{"error":"column \"tablename\" does not exist","level":"error","message":"Failed to get table statistics","timestamp":"2025-07-07 16:59:03:593"}
{"error":"column \"tablename\" does not exist","level":"error","message":"Failed to get table statistics","timestamp":"2025-07-07 16:59:03:593"}
{"error":"column \"tablename\" does not exist","level":"error","message":"Failed to get table statistics","timestamp":"2025-07-07 17:29:21:2921"}
{"error":"column \"tablename\" does not exist","level":"error","message":"Failed to get table statistics","timestamp":"2025-07-07 17:43:33:4333"}
{"error":"column \"tablename\" does not exist","level":"error","message":"Failed to get table statistics","timestamp":"2025-07-07 18:16:19:1619"}
{"error":"column \"tablename\" does not exist","level":"error","message":"Failed to get table statistics","timestamp":"2025-07-07 18:16:19:1619"}
{"error":"column \"tablename\" does not exist","level":"error","message":"Failed to get table statistics","timestamp":"2025-07-07 18:32:02:322"}
{"error":"column \"tablename\" does not exist","level":"error","message":"Failed to get table statistics","timestamp":"2025-07-07 18:44:36:4436"}
{"error":"column \"tablename\" does not exist","level":"error","message":"Failed to get table statistics","timestamp":"2025-07-07 19:19:25:1925"}
{"error":"column \"tablename\" does not exist","level":"error","message":"Failed to get table statistics","timestamp":"2025-07-07 19:45:32:4532"}
{"error":"column \"tablename\" does not exist","level":"error","message":"Failed to get table statistics","timestamp":"2025-07-07 20:35:57:3557"}
{"error":"column \"tablename\" does not exist","level":"error","message":"Failed to get table statistics","timestamp":"2025-07-07 20:46:39:4639"}
{"error":"column \"tablename\" does not exist","level":"error","message":"Failed to get table statistics","timestamp":"2025-07-07 21:03:36:336"}
{"error":"column \"tablename\" does not exist","level":"error","message":"Failed to get table statistics","timestamp":"2025-07-07 21:35:32:3532"}
{"error":"column \"tablename\" does not exist","level":"error","message":"Failed to get table statistics","timestamp":"2025-07-07 21:47:36:4736"}
{"error":"column \"tablename\" does not exist","level":"error","message":"Failed to get table statistics","timestamp":"2025-07-07 21:55:01:551"}
{"error":"column \"tablename\" does not exist","level":"error","message":"Failed to get table statistics","timestamp":"2025-07-07 22:04:07:47"}
{"error":"column \"tablename\" does not exist","level":"error","message":"Failed to get table statistics","timestamp":"2025-07-07 22:48:33:4833"}
{"error":"column \"tablename\" does not exist","level":"error","message":"Failed to get table statistics","timestamp":"2025-07-07 23:38:46:3846"}
{"error":"column \"tablename\" does not exist","level":"error","message":"Failed to get table statistics","timestamp":"2025-07-07 23:49:38:4938"}
{"error":"column \"tablename\" does not exist","level":"error","message":"Failed to get table statistics","timestamp":"2025-07-08 00:07:14:714"}
{"error":"column \"tablename\" does not exist","level":"error","message":"Failed to generate maintenance recommendations","timestamp":"2025-07-08 00:07:14:714"}
{"error":"column \"tablename\" does not exist","level":"error","message":"Failed to get table statistics","timestamp":"2025-07-08 00:40:15:4015"}
{"error":"column \"tablename\" does not exist","level":"error","message":"Failed to get table statistics","timestamp":"2025-07-08 00:50:41:5041"}
{"error":"column \"tablename\" does not exist","level":"error","message":"Failed to get table statistics","timestamp":"2025-07-08 01:06:10:610"}
{"error":"column \"tablename\" does not exist","level":"error","message":"Failed to generate maintenance recommendations","timestamp":"2025-07-08 01:06:10:610"}
{"error":"column \"tablename\" does not exist","level":"error","message":"Failed to get table statistics","timestamp":"2025-07-08 01:40:58:4058"}
{"error":"column \"tablename\" does not exist","level":"error","message":"Failed to get table statistics","timestamp":"2025-07-08 01:51:39:5139"}
{"error":"column \"tablename\" does not exist","level":"error","message":"Failed to get table statistics","timestamp":"2025-07-08 02:08:13:813"}
{"error":"column \"tablename\" does not exist","level":"error","message":"Failed to generate maintenance recommendations","timestamp":"2025-07-08 02:08:13:813"}
{"error":"column \"tablename\" does not exist","level":"error","message":"Failed to get table statistics","timestamp":"2025-07-08 02:42:16:4216"}
{"error":"column \"tablename\" does not exist","level":"error","message":"Failed to generate maintenance recommendations","timestamp":"2025-07-08 02:42:16:4216"}
{"error":"column \"tablename\" does not exist","level":"error","message":"Failed to get table statistics","timestamp":"2025-07-08 03:13:40:1340"}
{"error":"column \"tablename\" does not exist","level":"error","message":"Failed to get table statistics","timestamp":"2025-07-08 03:46:54:4654"}
{"error":"column \"tablename\" does not exist","level":"error","message":"Failed to get table statistics","timestamp":"2025-07-08 04:18:36:1836"}
{"error":"column \"tablename\" does not exist","level":"error","message":"Failed to get table statistics","timestamp":"2025-07-08 04:51:38:5138"}
{"error":"column \"tablename\" does not exist","level":"error","message":"Failed to get table statistics","timestamp":"2025-07-08 04:51:38:5138"}
{"error":"column \"tablename\" does not exist","level":"error","message":"Failed to get table statistics","timestamp":"2025-07-08 05:09:35:935"}
{"error":"column \"tablename\" does not exist","level":"error","message":"Failed to get table statistics","timestamp":"2025-07-08 05:25:16:2516"}
{"error":"column \"tablename\" does not exist","level":"error","message":"Failed to get table statistics","timestamp":"2025-07-08 05:40:55:4055"}
{"error":"column \"tablename\" does not exist","level":"error","message":"Failed to get table statistics","timestamp":"2025-07-08 05:56:39:5639"}
{"error":"column \"tablename\" does not exist","level":"error","message":"Failed to get table statistics","timestamp":"2025-07-08 06:17:18:1718"}
{"error":"column \"tablename\" does not exist","level":"error","message":"Failed to get table statistics","timestamp":"2025-07-08 06:33:03:333"}
{"error":"column \"tablename\" does not exist","level":"error","message":"Failed to get table statistics","timestamp":"2025-07-08 06:46:38:4638"}
{"code":"42703","file":"parse_relation.c","length":114,"level":"error","line":"3657","message":"Error fetching course prompts: column p.usage_context does not exist","name":"error","position":"170","routine":"errorMissingColumn","severity":"ERROR","stack":"error: column p.usage_context does not exist\n    at /Users/thomasdowuona-hyde/AI-Masterclass/backend/node_modules/pg-pool/index.js:45:11\n    at process.processTicksAndRejections (node:internal/process/task_queues:105:5)\n    at async /Users/thomasdowuona-hyde/AI-Masterclass/backend/index.js:320:22","timestamp":"2025-07-08 10:21:58:2158"}
{"code":"42703","file":"parse_relation.c","length":114,"level":"error","line":"3657","message":"Error fetching course prompts: column p.usage_context does not exist","name":"error","position":"170","routine":"errorMissingColumn","severity":"ERROR","stack":"error: column p.usage_context does not exist\n    at /Users/thomasdowuona-hyde/AI-Masterclass/backend/node_modules/pg-pool/index.js:45:11\n    at process.processTicksAndRejections (node:internal/process/task_queues:105:5)\n    at async /Users/thomasdowuona-hyde/AI-Masterclass/backend/index.js:322:22","timestamp":"2025-07-08 10:28:48:2848"}
{"code":"42703","file":"parse_relation.c","length":108,"level":"error","line":"3657","message":"Error fetching course quizzes: column q.question does not exist","name":"error","position":"38","routine":"errorMissingColumn","severity":"ERROR","stack":"error: column q.question does not exist\n    at /Users/thomasdowuona-hyde/AI-Masterclass/backend/node_modules/pg-pool/index.js:45:11\n    at process.processTicksAndRejections (node:internal/process/task_queues:105:5)\n    at async /Users/thomasdowuona-hyde/AI-Masterclass/backend/index.js:361:22","timestamp":"2025-07-08 10:28:48:2848"}
{"code":"42703","file":"parse_relation.c","length":116,"level":"error","line":"3657","message":"Error fetching course tasks: column t.submission_type does not exist","name":"error","position":"102","routine":"errorMissingColumn","severity":"ERROR","stack":"error: column t.submission_type does not exist\n    at /Users/thomasdowuona-hyde/AI-Masterclass/backend/node_modules/pg-pool/index.js:45:11\n    at process.processTicksAndRejections (node:internal/process/task_queues:105:5)\n    at async /Users/thomasdowuona-hyde/AI-Masterclass/backend/index.js:401:22","timestamp":"2025-07-08 10:28:48:2848"}
{"code":"42703","file":"parse_relation.c","length":114,"level":"error","line":"3657","message":"Error fetching course prompts: column p.usage_context does not exist","name":"error","position":"170","routine":"errorMissingColumn","severity":"ERROR","stack":"error: column p.usage_context does not exist\n    at /Users/thomasdowuona-hyde/AI-Masterclass/backend/node_modules/pg-pool/index.js:45:11\n    at process.processTicksAndRejections (node:internal/process/task_queues:105:5)\n    at async /Users/thomasdowuona-hyde/AI-Masterclass/backend/index.js:322:22","timestamp":"2025-07-08 10:53:03:533"}
{"code":"42703","file":"parse_relation.c","length":114,"level":"error","line":"3657","message":"Error fetching course prompts: column p.usage_context does not exist","name":"error","position":"170","routine":"errorMissingColumn","severity":"ERROR","stack":"error: column p.usage_context does not exist\n    at /Users/thomasdowuona-hyde/AI-Masterclass/backend/node_modules/pg-pool/index.js:45:11\n    at process.processTicksAndRejections (node:internal/process/task_queues:105:5)\n    at async /Users/thomasdowuona-hyde/AI-Masterclass/backend/index.js:322:22","timestamp":"2025-07-08 10:53:03:533"}
{"code":"42703","file":"parse_relation.c","length":114,"level":"error","line":"3657","message":"Error fetching course prompts: column p.usage_context does not exist","name":"error","position":"170","routine":"errorMissingColumn","severity":"ERROR","stack":"error: column p.usage_context does not exist\n    at /Users/thomasdowuona-hyde/AI-Masterclass/backend/node_modules/pg-pool/index.js:45:11\n    at process.processTicksAndRejections (node:internal/process/task_queues:105:5)\n    at async /Users/thomasdowuona-hyde/AI-Masterclass/backend/index.js:322:22","timestamp":"2025-07-08 10:53:34:5334"}
{"code":"42703","file":"parse_relation.c","length":114,"level":"error","line":"3657","message":"Error fetching course prompts: column p.usage_context does not exist","name":"error","position":"170","routine":"errorMissingColumn","severity":"ERROR","stack":"error: column p.usage_context does not exist\n    at /Users/thomasdowuona-hyde/AI-Masterclass/backend/node_modules/pg-pool/index.js:45:11\n    at process.processTicksAndRejections (node:internal/process/task_queues:105:5)\n    at async /Users/thomasdowuona-hyde/AI-Masterclass/backend/index.js:322:22","timestamp":"2025-07-08 10:53:34:5334"}
{"code":"42703","file":"parse_relation.c","length":114,"level":"error","line":"3657","message":"Error fetching course prompts: column p.usage_context does not exist","name":"error","position":"170","routine":"errorMissingColumn","severity":"ERROR","stack":"error: column p.usage_context does not exist\n    at /Users/thomasdowuona-hyde/AI-Masterclass/backend/node_modules/pg-pool/index.js:45:11\n    at process.processTicksAndRejections (node:internal/process/task_queues:105:5)\n    at async /Users/thomasdowuona-hyde/AI-Masterclass/backend/index.js:322:22","timestamp":"2025-07-08 10:54:47:5447"}
{"code":"42703","file":"parse_relation.c","length":114,"level":"error","line":"3657","message":"Error fetching course prompts: column p.usage_context does not exist","name":"error","position":"170","routine":"errorMissingColumn","severity":"ERROR","stack":"error: column p.usage_context does not exist\n    at /Users/thomasdowuona-hyde/AI-Masterclass/backend/node_modules/pg-pool/index.js:45:11\n    at process.processTicksAndRejections (node:internal/process/task_queues:105:5)\n    at async /Users/thomasdowuona-hyde/AI-Masterclass/backend/index.js:322:22","timestamp":"2025-07-08 10:54:47:5447"}
{"code":"42703","file":"parse_relation.c","length":114,"level":"error","line":"3657","message":"Error fetching course prompts: column p.usage_context does not exist","name":"error","position":"170","routine":"errorMissingColumn","severity":"ERROR","stack":"error: column p.usage_context does not exist\n    at /Users/thomasdowuona-hyde/AI-Masterclass/backend/node_modules/pg-pool/index.js:45:11\n    at process.processTicksAndRejections (node:internal/process/task_queues:105:5)\n    at async /Users/thomasdowuona-hyde/AI-Masterclass/backend/index.js:322:22","timestamp":"2025-07-08 10:56:07:567"}
{"code":"42703","file":"parse_relation.c","length":108,"level":"error","line":"3657","message":"Error fetching course quizzes: column q.question does not exist","name":"error","position":"38","routine":"errorMissingColumn","severity":"ERROR","stack":"error: column q.question does not exist\n    at /Users/thomasdowuona-hyde/AI-Masterclass/backend/node_modules/pg-pool/index.js:45:11\n    at process.processTicksAndRejections (node:internal/process/task_queues:105:5)\n    at async /Users/thomasdowuona-hyde/AI-Masterclass/backend/index.js:361:22","timestamp":"2025-07-08 10:56:07:567"}
{"code":"42703","file":"parse_relation.c","length":116,"level":"error","line":"3657","message":"Error fetching course tasks: column t.submission_type does not exist","name":"error","position":"102","routine":"errorMissingColumn","severity":"ERROR","stack":"error: column t.submission_type does not exist\n    at /Users/thomasdowuona-hyde/AI-Masterclass/backend/node_modules/pg-pool/index.js:45:11\n    at process.processTicksAndRejections (node:internal/process/task_queues:105:5)\n    at async /Users/thomasdowuona-hyde/AI-Masterclass/backend/index.js:401:22","timestamp":"2025-07-08 10:56:07:567"}
{"code":"42703","file":"parse_relation.c","length":114,"level":"error","line":"3657","message":"Error fetching course prompts: column p.usage_context does not exist","name":"error","position":"170","routine":"errorMissingColumn","severity":"ERROR","stack":"error: column p.usage_context does not exist\n    at /Users/thomasdowuona-hyde/AI-Masterclass/backend/node_modules/pg-pool/index.js:45:11\n    at process.processTicksAndRejections (node:internal/process/task_queues:105:5)\n    at async /Users/thomasdowuona-hyde/AI-Masterclass/backend/index.js:322:22","timestamp":"2025-07-08 11:00:45:045"}
{"code":"42703","file":"parse_relation.c","length":108,"level":"error","line":"3657","message":"Error fetching course quizzes: column q.question does not exist","name":"error","position":"38","routine":"errorMissingColumn","severity":"ERROR","stack":"error: column q.question does not exist\n    at /Users/thomasdowuona-hyde/AI-Masterclass/backend/node_modules/pg-pool/index.js:45:11\n    at process.processTicksAndRejections (node:internal/process/task_queues:105:5)\n    at async /Users/thomasdowuona-hyde/AI-Masterclass/backend/index.js:361:22","timestamp":"2025-07-08 11:00:45:045"}
{"code":"42703","file":"parse_relation.c","length":116,"level":"error","line":"3657","message":"Error fetching course tasks: column t.submission_type does not exist","name":"error","position":"102","routine":"errorMissingColumn","severity":"ERROR","stack":"error: column t.submission_type does not exist\n    at /Users/thomasdowuona-hyde/AI-Masterclass/backend/node_modules/pg-pool/index.js:45:11\n    at process.processTicksAndRejections (node:internal/process/task_queues:105:5)\n    at async /Users/thomasdowuona-hyde/AI-Masterclass/backend/index.js:401:22","timestamp":"2025-07-08 11:00:45:045"}
{"body":"{\"email\":\"test@example.com\",\"password\":\"Test123\\!Pass\",\"first_name\":\"Test\",\"last_name\":\"User\"}","expose":true,"level":"error","message":"Unhandled error: Bad escaped character in JSON at position 48 (line 1 column 49)","stack":"SyntaxError: Bad escaped character in JSON at position 48 (line 1 column 49)\n    at JSON.parse (<anonymous>)\n    at parse (/Users/thomasdowuona-hyde/AI-Masterclass/backend/node_modules/body-parser/lib/types/json.js:92:19)\n    at /Users/thomasdowuona-hyde/AI-Masterclass/backend/node_modules/body-parser/lib/read.js:128:18\n    at AsyncResource.runInAsyncScope (node:async_hooks:211:14)\n    at invokeCallback (/Users/thomasdowuona-hyde/AI-Masterclass/backend/node_modules/raw-body/index.js:238:16)\n    at done (/Users/thomasdowuona-hyde/AI-Masterclass/backend/node_modules/raw-body/index.js:227:7)\n    at IncomingMessage.onEnd (/Users/thomasdowuona-hyde/AI-Masterclass/backend/node_modules/raw-body/index.js:287:7)\n    at IncomingMessage.emit (node:events:513:28)\n    at endReadableNT (node:internal/streams/readable:1696:12)\n    at process.processTicksAndRejections (node:internal/process/task_queues:90:21)","status":400,"statusCode":400,"timestamp":"2025-07-20 14:28:26:2826","type":"entity.parse.failed"}
{"error":"jwt expired","ip":"::1","level":"error","message":"Token verification failed:","timestamp":"2025-07-20 14:29:18:2918"}
{"error":"jwt expired","ip":"::1","level":"error","message":"Token verification failed:","timestamp":"2025-07-20 14:29:18:2918"}
{"code":"42703","details":null,"hint":null,"level":"error","message":"Get courses error: column courses.duration_minutes does not exist","timestamp":"2025-07-21 00:49:01:491"}
{"code":"42703","details":null,"hint":null,"level":"error","message":"Get courses error: column courses.duration_minutes does not exist","timestamp":"2025-07-21 00:49:01:491"}
{"code":"42703","details":null,"hint":null,"level":"error","message":"Get courses error: column courses.duration_minutes does not exist","timestamp":"2025-07-21 00:54:52:5452"}
{"code":"42703","details":null,"hint":null,"level":"error","message":"Get courses error: column courses.duration_minutes does not exist","timestamp":"2025-07-21 00:54:52:5452"}
{"code":"42703","details":null,"hint":null,"level":"error","message":"Get courses error: column courses.duration_minutes does not exist","timestamp":"2025-07-21 01:09:00:90"}
{"code":"42703","details":null,"hint":null,"level":"error","message":"Get courses error: column courses.duration_minutes does not exist","timestamp":"2025-07-21 01:11:13:1113"}
{"code":"42703","details":null,"hint":null,"level":"error","message":"Get courses error: column courses.duration_minutes does not exist","timestamp":"2025-07-21 01:11:13:1113"}
{"code":"42703","details":null,"hint":null,"level":"error","message":"Error fetching course prompts: column lessons_1.course_id does not exist","timestamp":"2025-07-21 01:15:52:1552"}
{"code":"42703","details":null,"hint":null,"level":"error","message":"Error fetching course prompts: column lessons_1.course_id does not exist","timestamp":"2025-07-21 01:15:52:1552"}
{"code":"42703","details":null,"hint":null,"level":"error","message":"Error fetching course prompts: column lessons_1.course_id does not exist","timestamp":"2025-07-21 01:16:10:1610"}
{"code":"42703","details":null,"hint":null,"level":"error","message":"Error fetching course prompts: column lessons_1.course_id does not exist","timestamp":"2025-07-21 01:16:10:1610"}
{"code":"42703","details":null,"hint":null,"level":"error","message":"Error fetching course prompts: column lessons_1.course_id does not exist","timestamp":"2025-07-21 01:16:24:1624"}
{"code":"42703","details":null,"hint":null,"level":"error","message":"Error fetching course prompts: column lessons_1.course_id does not exist","timestamp":"2025-07-21 01:16:24:1624"}
{"code":"42703","details":null,"hint":null,"level":"error","message":"Error fetching course prompts: column lessons_1.course_id does not exist","timestamp":"2025-07-21 01:17:55:1755"}
{"code":"42703","details":null,"hint":null,"level":"error","message":"Error fetching course prompts: column lessons_1.course_id does not exist","timestamp":"2025-07-21 01:17:55:1755"}
{"code":"42703","details":null,"hint":null,"level":"error","message":"Error fetching course prompts: column lessons_1.course_id does not exist","timestamp":"2025-07-21 01:18:11:1811"}
{"code":"42703","details":null,"hint":null,"level":"error","message":"Error fetching course prompts: column lessons_1.course_id does not exist","timestamp":"2025-07-21 01:18:11:1811"}
{"code":"42703","details":null,"hint":null,"level":"error","message":"Error fetching course prompts: column lessons_1.course_id does not exist","timestamp":"2025-07-21 09:44:52:4452"}
{"code":"42703","details":null,"hint":null,"level":"error","message":"Error fetching course prompts: column lessons_1.course_id does not exist","timestamp":"2025-07-21 09:44:53:4453"}
{"code":"22P02","details":null,"hint":null,"level":"error","message":"Get course error: invalid input syntax for type uuid: \"1\"","timestamp":"2025-07-21 09:55:19:5519"}
{"code":"42703","details":null,"hint":null,"level":"error","message":"Error fetching course prompts: column lessons_1.course_id does not exist","timestamp":"2025-07-21 10:00:05:05"}
{"code":"42703","details":null,"hint":null,"level":"error","message":"Error fetching course prompts: column lessons_1.course_id does not exist","timestamp":"2025-07-21 10:00:06:06"}
{"code":"42703","details":null,"hint":null,"level":"error","message":"Error fetching course prompts: column lessons_1.course_id does not exist","timestamp":"2025-07-21 10:00:08:08"}
{"code":"42703","details":null,"hint":null,"level":"error","message":"Error fetching course prompts: column lessons_1.course_id does not exist","timestamp":"2025-07-21 10:00:09:09"}
{"code":"42703","details":null,"hint":null,"level":"error","message":"Error fetching course prompts: column lessons_1.course_id does not exist","timestamp":"2025-07-21 10:00:09:09"}
{"code":"42703","details":null,"hint":null,"level":"error","message":"Error fetching course prompts: column lessons_1.course_id does not exist","timestamp":"2025-07-21 10:00:17:017"}
{"code":"42703","details":null,"hint":null,"level":"error","message":"Error fetching course prompts: column lessons_1.course_id does not exist","timestamp":"2025-07-21 10:00:17:017"}
{"code":"42703","details":null,"hint":null,"level":"error","message":"Error fetching course prompts: column lessons_1.course_id does not exist","timestamp":"2025-07-21 10:00:29:029"}
{"code":"42703","details":null,"hint":null,"level":"error","message":"Error fetching course prompts: column lessons_1.course_id does not exist","timestamp":"2025-07-21 10:00:29:029"}
{"code":"42703","details":null,"hint":null,"level":"error","message":"Error fetching course prompts: column lessons_1.course_id does not exist","timestamp":"2025-07-21 10:00:35:035"}
{"code":"42703","details":null,"hint":null,"level":"error","message":"Error fetching course prompts: column lessons_1.course_id does not exist","timestamp":"2025-07-21 10:00:35:035"}
{"code":"42703","details":null,"hint":null,"level":"error","message":"Error fetching course prompts: column lessons_1.course_id does not exist","timestamp":"2025-07-21 10:00:41:041"}
{"code":"42703","details":null,"hint":null,"level":"error","message":"Error fetching course prompts: column lessons_1.course_id does not exist","timestamp":"2025-07-21 10:00:42:042"}
{"code":"42703","details":null,"hint":null,"level":"error","message":"Error fetching course prompts: column lessons_1.course_id does not exist","timestamp":"2025-07-21 11:05:57:557"}
{"code":"42703","details":null,"hint":null,"level":"error","message":"Error fetching course prompts: column lessons_1.course_id does not exist","timestamp":"2025-07-21 11:26:07:267"}
{"code":"42703","details":null,"hint":null,"level":"error","message":"Error fetching course prompts: column lessons_1.course_id does not exist","timestamp":"2025-07-21 11:26:07:267"}
{"code":"42703","details":null,"hint":null,"level":"error","message":"Error fetching course prompts: column lessons_1.course_id does not exist","timestamp":"2025-07-21 11:30:35:3035"}
{"code":"42703","details":null,"hint":null,"level":"error","message":"Error fetching course prompts: column lessons_1.course_id does not exist","timestamp":"2025-07-21 11:30:35:3035"}
{"code":"42703","details":null,"hint":null,"level":"error","message":"Error fetching course prompts: column lessons_1.course_id does not exist","timestamp":"2025-07-21 11:39:42:3942"}
{"code":"42703","details":null,"hint":null,"level":"error","message":"Error fetching course prompts: column lessons_1.course_id does not exist","timestamp":"2025-07-21 11:39:43:3943"}
{"code":"22P02","details":null,"hint":null,"level":"error","message":"Get lesson error: invalid input syntax for type uuid: \"1\"","timestamp":"2025-07-21 12:19:36:1936"}
{"level":"error","message":"Error fetching courses: db.query is not a function","stack":"TypeError: db.query is not a function\n    at /Users/thomasdowuona-hyde/AI-Masterclass/backend/index.js:118:31\n    at Layer.handle [as handle_request] (/Users/thomasdowuona-hyde/AI-Masterclass/backend/node_modules/express/lib/router/layer.js:95:5)\n    at next (/Users/thomasdowuona-hyde/AI-Masterclass/backend/node_modules/express/lib/router/route.js:149:13)\n    at /Users/thomasdowuona-hyde/AI-Masterclass/backend/node_modules/express-rate-limit/dist/index.cjs:807:7\n    at process.processTicksAndRejections (node:internal/process/task_queues:105:5)\n    at async /Users/thomasdowuona-hyde/AI-Masterclass/backend/node_modules/express-rate-limit/dist/index.cjs:691:5","timestamp":"2025-07-22 09:27:24:2724"}
{"level":"error","message":"Error fetching courses: db.query is not a function","stack":"TypeError: db.query is not a function\n    at /Users/thomasdowuona-hyde/AI-Masterclass/backend/index.js:107:31\n    at Layer.handle [as handle_request] (/Users/thomasdowuona-hyde/AI-Masterclass/backend/node_modules/express/lib/router/layer.js:95:5)\n    at next (/Users/thomasdowuona-hyde/AI-Masterclass/backend/node_modules/express/lib/router/route.js:149:13)\n    at /Users/thomasdowuona-hyde/AI-Masterclass/backend/node_modules/express-rate-limit/dist/index.cjs:807:7\n    at process.processTicksAndRejections (node:internal/process/task_queues:105:5)\n    at async /Users/thomasdowuona-hyde/AI-Masterclass/backend/node_modules/express-rate-limit/dist/index.cjs:691:5","timestamp":"2025-07-22 09:28:20:2820"}
{"code":"22P02","details":null,"hint":null,"level":"error","message":"Error fetching course modules: invalid input syntax for type uuid: \"1\"","timestamp":"2025-07-22 11:38:35:3835"}
{"code":"22P02","details":null,"hint":null,"level":"error","message":"Error fetching course modules: invalid input syntax for type uuid: \"1\"","timestamp":"2025-07-22 11:42:51:4251"}
{"code":"42703","details":null,"hint":null,"level":"error","message":"Error fetching user progress: column user_progress.exercise_id does not exist","timestamp":"2025-07-29 18:16:45:1645"}
{"code":"42703","details":null,"hint":null,"level":"error","message":"Error fetching user progress: column user_progress.exercise_id does not exist","timestamp":"2025-07-29 18:16:46:1646"}
{"code":"42703","details":null,"hint":null,"level":"error","message":"Error fetching user progress: column user_progress.exercise_id does not exist","timestamp":"2025-07-29 18:24:26:2426"}
{"code":"42703","details":null,"hint":null,"level":"error","message":"Error fetching user progress: column user_progress.exercise_id does not exist","timestamp":"2025-07-29 18:24:26:2426"}
{"code":"42703","details":null,"hint":null,"level":"error","message":"Error fetching user progress: column user_progress.exercise_id does not exist","timestamp":"2025-07-29 18:24:30:2430"}
{"code":"42703","details":null,"hint":null,"level":"error","message":"Error fetching user progress: column user_progress.exercise_id does not exist","timestamp":"2025-07-29 18:24:30:2430"}
{"code":"42703","details":null,"hint":null,"level":"error","message":"Error fetching user progress: column user_progress.exercise_id does not exist","timestamp":"2025-07-29 18:27:00:270"}
{"code":"42703","details":null,"hint":null,"level":"error","message":"Error fetching user progress: column user_progress.exercise_id does not exist","timestamp":"2025-07-29 18:27:00:270"}
{"code":"42703","details":null,"hint":null,"level":"error","message":"Error fetching user progress: column user_progress.exercise_id does not exist","timestamp":"2025-07-29 18:30:02:302"}
{"code":"42703","details":null,"hint":null,"level":"error","message":"Error fetching user progress: column user_progress.exercise_id does not exist","timestamp":"2025-07-29 18:30:02:302"}
{"code":"42703","details":null,"hint":null,"level":"error","message":"Error fetching user progress: column user_progress.exercise_id does not exist","timestamp":"2025-07-29 18:30:31:3031"}
{"code":"42703","details":null,"hint":null,"level":"error","message":"Error fetching user progress: column user_progress.exercise_id does not exist","timestamp":"2025-07-29 18:30:31:3031"}
{"code":"42703","details":null,"hint":null,"level":"error","message":"Error fetching user progress: column user_progress.exercise_id does not exist","timestamp":"2025-07-29 18:38:28:3828"}
